2025-04-19 23:37:30,578 - app - INFO - Khoi dong ung dung Audio Search API
2025-04-20 02:07:40,709 - app - INFO - Khoi dong ung dung Audio Search API
2025-04-20 02:08:03,482 - app - INFO - Dong ung dung Audio Search API
2025-04-20 18:08:16,823 - httpx - INFO - HTTP Request: GET http://localhost:6333 "HTTP/1.1 200 OK"
2025-04-20 18:08:16,844 - be_python.app.utils.audio_utils - INFO - Đã lưu file upload tạm thời: D:\Project\Multimedia Database\be_python\data\temp\ao5wog55.wav
2025-04-20 18:08:34,213 - be_python.app.database.qdrant_manager - ERROR - Lỗi khi tìm kiếm vectors tương tự: Unknown arguments: ['query_vector']
2025-04-20 18:08:34,213 - be_python.app.api.router - ERROR - Lỗi khi xử lý tìm kiếm: Unknown arguments: ['query_vector']
2025-04-20 18:13:01,074 - httpx - INFO - HTTP Request: GET http://localhost:6333 "HTTP/1.1 200 OK"
2025-04-20 18:13:01,088 - be_python.app.utils.audio_utils - INFO - Đã lưu file upload tạm thời: D:\Project\Multimedia Database\be_python\data\temp\q5g7st53.wav
2025-04-20 18:13:09,718 - httpx - INFO - HTTP Request: POST http://localhost:6333/collections/audio_vectors/points/search "HTTP/1.1 200 OK"
2025-04-20 18:15:50,601 - httpx - INFO - HTTP Request: GET http://localhost:6333 "HTTP/1.1 200 OK"
2025-04-20 18:15:50,614 - be_python.app.utils.audio_utils - INFO - Đã lưu file upload tạm thời: D:\Project\Multimedia Database\be_python\data\temp\yotvws7r.wav
2025-04-20 18:15:58,124 - be_python.app.database.qdrant_manager - ERROR - Lỗi khi tìm kiếm vectors tương tự: Unknown arguments: ['query_vector']
2025-04-20 18:15:58,125 - be_python.app.api.router - ERROR - Lỗi khi xử lý tìm kiếm: Unknown arguments: ['query_vector']
2025-04-20 18:17:09,386 - httpx - INFO - HTTP Request: GET http://localhost:6333 "HTTP/1.1 200 OK"
2025-04-20 18:17:09,397 - be_python.app.utils.audio_utils - INFO - Đã lưu file upload tạm thời: D:\Project\Multimedia Database\be_python\data\temp\0fbxozwz.wav
2025-04-20 18:17:19,067 - be_python.app.database.qdrant_manager - ERROR - Lỗi khi tìm kiếm vectors tương tự: Unknown arguments: ['query_vector']
2025-04-20 18:17:19,067 - be_python.app.api.router - ERROR - Lỗi khi xử lý tìm kiếm: Unknown arguments: ['query_vector']
2025-04-20 18:18:26,284 - httpx - INFO - HTTP Request: GET http://localhost:6333 "HTTP/1.1 200 OK"
2025-04-20 18:18:26,292 - be_python.app.utils.audio_utils - INFO - Đã lưu file upload tạm thời: D:\Project\Multimedia Database\be_python\data\temp\ilc_5877.wav
2025-04-20 18:18:33,492 - httpx - INFO - HTTP Request: POST http://localhost:6333/collections/audio_vectors/points/search "HTTP/1.1 200 OK"
2025-04-20 18:23:47,144 - httpx - INFO - HTTP Request: GET http://localhost:6333 "HTTP/1.1 200 OK"
2025-04-20 18:23:47,154 - be_python.app.utils.audio_utils - INFO - Đã lưu file upload tạm thời: D:\Project\Multimedia Database\be_python\data\temp\bs7urdt2.wav
2025-04-20 18:23:54,107 - be_python.app.api.router - INFO - Thời gian trích xuất đặc trưng: 6.9531 giây
2025-04-20 18:23:54,194 - httpx - INFO - HTTP Request: POST http://localhost:6333/collections/audio_vectors/points/search "HTTP/1.1 200 OK"
2025-04-20 18:23:54,197 - be_python.app.api.router - INFO - Thời gian truy vấn Qdrant: 0.0895 giây
2025-04-21 09:02:40,356 - httpx - INFO - HTTP Request: GET http://localhost:6333 "HTTP/1.1 200 OK"
2025-04-21 09:02:40,380 - be_python.app.utils.audio_utils - INFO - Đã lưu file upload tạm thời: D:\Project\Multimedia Database\be_python\data\temp\_cv2cu8z.wav
2025-04-21 09:03:26,895 - be_python.app.api.router - INFO - Thời gian trích xuất đặc trưng: 46.5137 giây
2025-04-21 09:03:27,704 - httpx - INFO - HTTP Request: POST http://localhost:6333/collections/audio_vectors/points/search "HTTP/1.1 200 OK"
2025-04-21 09:03:27,715 - be_python.app.api.router - INFO - Thời gian truy vấn Qdrant: 0.8189 giây
2025-04-21 09:03:55,244 - httpx - INFO - HTTP Request: GET http://localhost:6333 "HTTP/1.1 200 OK"
2025-04-21 09:03:55,275 - be_python.app.utils.audio_utils - INFO - Đã lưu file upload tạm thời: D:\Project\Multimedia Database\be_python\data\temp\7d0dyqdw.wav
2025-04-21 09:03:55,671 - be_python.app.api.router - INFO - Thời gian trích xuất đặc trưng: 0.3954 giây
2025-04-21 09:03:58,005 - httpx - INFO - HTTP Request: POST http://localhost:6333/collections/audio_vectors/points/search "HTTP/1.1 200 OK"
2025-04-21 09:03:58,008 - be_python.app.api.router - INFO - Thời gian truy vấn Qdrant: 2.3363 giây
2025-04-21 09:04:44,882 - httpx - INFO - HTTP Request: GET http://localhost:6333 "HTTP/1.1 200 OK"
2025-04-21 09:04:44,897 - be_python.app.utils.audio_utils - INFO - Đã lưu file upload tạm thời: D:\Project\Multimedia Database\be_python\data\temp\fpgwd0d9.wav
2025-04-21 09:04:45,178 - be_python.app.api.router - INFO - Thời gian trích xuất đặc trưng: 0.2809 giây
2025-04-21 09:04:45,262 - httpx - INFO - HTTP Request: POST http://localhost:6333/collections/audio_vectors/points/search "HTTP/1.1 200 OK"
2025-04-21 09:04:45,264 - be_python.app.api.router - INFO - Thời gian truy vấn Qdrant: 0.0858 giây
2025-05-04 20:16:29,720 - httpx - INFO - HTTP Request: GET http://localhost:6333 "HTTP/1.1 200 OK"
2025-05-04 20:16:48,368 - httpx - INFO - HTTP Request: GET http://localhost:6333 "HTTP/1.1 200 OK"
2025-05-04 20:16:48,378 - app.utils.audio_utils - INFO - Đã lưu file upload tạm thời: D:\Project\Multimedia Database\be_python\data\temp\0dtzzbi4.wav
2025-05-04 20:16:55,815 - app.api.router - INFO - Thời gian trích xuất đặc trưng: 7.4354 giây
2025-05-04 20:16:56,000 - httpx - INFO - HTTP Request: POST http://localhost:6333/collections/audio_vectors/points/search "HTTP/1.1 200 OK"
2025-05-04 20:16:56,009 - app.api.router - INFO - Thời gian truy vấn Qdrant: 0.1940 giây
2025-05-04 20:26:07,480 - httpx - INFO - HTTP Request: GET http://localhost:6333 "HTTP/1.1 200 OK"
2025-05-04 20:26:07,490 - app.utils.audio_utils - INFO - Đã lưu file upload tạm thời: D:\Project\Multimedia Database\be_python\data\temp\j2yu0bjq.wav
2025-05-04 20:26:12,570 - app.api.router - INFO - Thời gian trích xuất đặc trưng: 5.0795 giây
2025-05-04 20:26:12,667 - httpx - INFO - HTTP Request: POST http://localhost:6333/collections/audio_vectors/points/search "HTTP/1.1 200 OK"
2025-05-04 20:26:12,672 - app.api.router - INFO - Thời gian truy vấn Qdrant: 0.1020 giây
2025-05-04 20:28:29,004 - httpx - INFO - HTTP Request: GET http://localhost:6333 "HTTP/1.1 200 OK"
2025-05-04 20:28:29,012 - app.utils.audio_utils - INFO - Đã lưu file upload tạm thời: D:\Project\Multimedia Database\be_python\data\temp\upe8l2b2.wav
2025-05-04 20:28:34,656 - app.api.router - INFO - Thời gian trích xuất đặc trưng: 5.6425 giây
2025-05-04 20:28:34,744 - httpx - INFO - HTTP Request: POST http://localhost:6333/collections/audio_vectors/points/search "HTTP/1.1 200 OK"
2025-05-04 20:28:34,749 - app.api.router - INFO - Thời gian truy vấn Qdrant: 0.0920 giây
2025-05-04 20:58:01,275 - app.api.router - INFO - Đang kiểm tra file: D:\Project\Multimedia Database\be_python\data\temp\upe8l2b2.wav
2025-05-04 20:58:01,296 - app.api.router - INFO - Thư mục tạm: D:\Project\Multimedia Database\be_python\data\temp
2025-05-04 20:58:01,296 - app.api.router - INFO - Tên file yêu cầu: upe8l2b2.wav
2025-05-04 20:58:01,299 - app.api.router - INFO - File tồn tại: True
2025-05-04 20:58:01,304 - app.api.router - INFO - Streaming file: D:\Project\Multimedia Database\be_python\data\temp\upe8l2b2.wav
2025-05-04 20:59:04,393 - httpx - INFO - HTTP Request: GET http://localhost:6333 "HTTP/1.1 200 OK"
2025-05-04 20:59:04,402 - app.utils.audio_utils - INFO - Đã lưu file upload tạm thời: D:\Project\Multimedia Database\be_python\data\temp\o3369kor.wav
2025-05-04 20:59:10,283 - app.api.router - INFO - Thời gian trích xuất đặc trưng: 5.8811 giây
2025-05-04 20:59:10,451 - httpx - INFO - HTTP Request: POST http://localhost:6333/collections/audio_vectors/points/search "HTTP/1.1 200 OK"
2025-05-04 20:59:10,459 - app.api.router - INFO - Thời gian truy vấn Qdrant: 0.1750 giây
2025-05-04 20:59:16,978 - app.api.router - INFO - Đang kiểm tra file: D:\Project\Multimedia Database\be_python\data\temp\o3369kor.wav
2025-05-04 20:59:16,979 - app.api.router - INFO - Thư mục tạm: D:\Project\Multimedia Database\be_python\data\temp
2025-05-04 20:59:16,979 - app.api.router - INFO - Tên file yêu cầu: o3369kor.wav
2025-05-04 20:59:16,979 - app.api.router - INFO - File tồn tại: True
2025-05-04 20:59:16,979 - app.api.router - INFO - Streaming file: D:\Project\Multimedia Database\be_python\data\temp\o3369kor.wav
2025-05-04 20:59:17,244 - app.api.router - INFO - Đang kiểm tra file: D:\Project\Multimedia Database\be_python\data\temp\o3369kor.wav
2025-05-04 20:59:17,244 - app.api.router - INFO - Thư mục tạm: D:\Project\Multimedia Database\be_python\data\temp
2025-05-04 20:59:17,244 - app.api.router - INFO - Tên file yêu cầu: o3369kor.wav
2025-05-04 20:59:17,244 - app.api.router - INFO - File tồn tại: True
2025-05-04 20:59:17,245 - app.api.router - INFO - Streaming file: D:\Project\Multimedia Database\be_python\data\temp\o3369kor.wav
2025-05-04 21:02:25,552 - app.api.router - INFO - Đang kiểm tra file: D:\Project\Multimedia Database\be_python\data\temp\157886__setuniman__funny-bassoon-0p_17bs4.wav
2025-05-04 21:02:25,553 - app.api.router - INFO - Thư mục tạm: D:\Project\Multimedia Database\be_python\data\temp
2025-05-04 21:02:25,553 - app.api.router - INFO - Tên file yêu cầu: 157886__setuniman__funny-bassoon-0p_17bs4.wav
2025-05-04 21:02:25,554 - app.api.router - INFO - File tồn tại: False
2025-05-04 21:02:25,555 - app.api.router - ERROR - File không tồn tại tại: D:\Project\Multimedia Database\be_python\data\temp\157886__setuniman__funny-bassoon-0p_17bs4.wav
